java -ea -Xmx56223m -Xms56223m -cp /sciclone/home/rlgeorgeambroc/.conda/envs/bbmap-env/opt/bbmap-39.37-0/current/ align2.BBMap build=1 overwrite=true fastareadlen=500 ref=./data/dog_reference/ncbi_dataset/data/GCF_011100685.1/GCF_011100685.1_UU_Cfam_GSD_1.0_genomic.fna path=./data/dog_reference/index
Executing align2.BBMap [build=1, overwrite=true, fastareadlen=500, ref=./data/dog_reference/ncbi_dataset/data/GCF_011100685.1/GCF_011100685.1_UU_Cfam_GSD_1.0_genomic.fna, path=./data/dog_reference/index]
Version 39.37

No output file.
Writing reference.
Executing dna.FastaToChromArrays2 [./data/dog_reference/ncbi_dataset/data/GCF_011100685.1/GCF_011100685.1_UU_Cfam_GSD_1.0_genomic.fna, 1, writeinthread=false, genscaffoldinfo=true, retain, waitforwriting=false, gz=true, maxlen=536670912, writechroms=true, minscaf=1, midpad=300, startpad=8000, stoppad=8000, nodisk=false]

Set genScaffoldInfo=true
Writing chunk 1
Writing chunk 2
Writing chunk 3
Writing chunk 4
Writing chunk 5
Set genome to 1

Loaded Reference:	0.036 seconds.
Loading index for chunk 1-5, build 1
No index available; generating from reference genome: /sciclone/home/rlgeorgeambroc/BIOCOMPUTING/assignments/assignment_07/./data/dog_reference/index/ref/index/1/chr1-3_index_k13_c2_b1.block
No index available; generating from reference genome: /sciclone/home/rlgeorgeambroc/BIOCOMPUTING/assignments/assignment_07/./data/dog_reference/index/ref/index/1/chr4-5_index_k13_c2_b1.block
Indexing threads started for block 4-5
Indexing threads started for block 0-3
Indexing threads finished for block 4-5
Indexing threads finished for block 0-3
Generated Index:	167.641 seconds.
Finished Writing:	56.962 seconds.
No reads to process; quitting.

Total time:     	263.361 seconds.
