java -ea -Xmx56223m -Xms56223m -cp /sciclone/home/rlgeorgeambroc/.conda/envs/bbmap-env/opt/bbmap-39.37-0/current/ align2.BBMap build=1 overwrite=true fastareadlen=500 ref=./data/dog_reference/ncbi_dataset/data/GCF_011100685.1/GCF_011100685.1_UU_Cfam_GSD_1.0_genomic.fna path=./data/dog_reference/index in1=./data/clean/SRR094424_1.fastq in2=./data/clean/SRR094424_2.fastq out=./output/SRR094424_mapped_to_dog.sam minid=0.95 sam=1 noheader=f overwrite=t
Executing align2.BBMap [build=1, overwrite=true, fastareadlen=500, ref=./data/dog_reference/ncbi_dataset/data/GCF_011100685.1/GCF_011100685.1_UU_Cfam_GSD_1.0_genomic.fna, path=./data/dog_reference/index, in1=./data/clean/SRR094424_1.fastq, in2=./data/clean/SRR094424_2.fastq, out=./output/SRR094424_mapped_to_dog.sam, minid=0.95, sam=1, noheader=f, overwrite=t]
Version 39.37

Retaining first best site only for ambiguous mappings.
Set MINIMUM_ALIGNMENT_SCORE_RATIO to 0.908
NOTE:	Ignoring reference file because it already appears to have been processed.
NOTE:	If you wish to regenerate the index, please manually delete ./data/dog_reference/index/ref/genome/1/summary.txt
Set genome to 1

Loaded Reference:	3.786 seconds.
Loading index for chunk 1-5, build 1
Generated Index:	5.761 seconds.
Analyzed Index:   	8.533 seconds.
Started output stream:	0.132 seconds.
Cleared Memory:    	0.141 seconds.
Processing reads in paired-ended mode.
Started read stream.
Started 20 mapping threads.
Detecting finished threads: 0, 1, 2, 3, 4, 5, 6, 7, 8, 9, 10, 11, 12, 13, 14, 15, 16, 17, 18, 19

   ------------------   Results   ------------------   

Genome:                	1
Key Length:            	13
Max Indel:             	16000
Minimum Score Ratio:  	0.9081
Mapping Mode:         	normal
Reads Used:           	305806756	(23169101290 bases)

Mapping:          	26229.770 seconds.
Reads/sec:       	11658.77
kBases/sec:      	883.31


Pairing data:   	pct pairs	num pairs 	pct bases	   num bases

mated pairs:     	  0.0001% 	       78 	  0.0000% 	       11114
bad pairs:       	  0.0000% 	       20 	  0.0000% 	        2896
insert size avg: 	  200.95


Read 1 data:      	pct reads	num reads 	pct bases	   num bases

mapped:          	  0.0003% 	      444 	  0.0003% 	       32914
unambiguous:     	  0.0001% 	       80 	  0.0000% 	        5699
ambiguous:       	  0.0002% 	      364 	  0.0002% 	       27215
low-Q discards:  	  0.0000% 	        0 	  0.0000% 	           0

perfect best site:	  0.0001% 	       93 	  0.0001% 	        6729
semiperfect site:	  0.0001% 	      101 	  0.0001% 	        7258
rescued:         	  0.0000% 	       44

Match Rate:      	      NA 	       NA 	 97.7212% 	       32205
Error Rate:      	 78.8288% 	      350 	  2.2545% 	         743
Sub Rate:        	 77.7027% 	      345 	  2.1089% 	         695
Del Rate:        	  1.3514% 	        6 	  0.1274% 	          42
Ins Rate:        	  1.1261% 	        5 	  0.0182% 	           6
N Rate:          	  1.8018% 	        8 	  0.0243% 	           8


Read 2 data:      	pct reads	num reads 	pct bases	   num bases

mapped:          	  0.0004% 	      548 	  0.0004% 	       40766
unambiguous:     	  0.0001% 	      110 	  0.0001% 	        8044
ambiguous:       	  0.0003% 	      438 	  0.0003% 	       32722
low-Q discards:  	  0.0000% 	        0 	  0.0000% 	           0

perfect best site:	  0.0001% 	       99 	  0.0001% 	        7201
semiperfect site:	  0.0001% 	      104 	  0.0001% 	        7581
rescued:         	  0.0000% 	       48

Match Rate:      	      NA 	       NA 	 97.8417% 	       39893
Error Rate:      	 81.7518% 	      448 	  2.1534% 	         878
Sub Rate:        	 80.8394% 	      443 	  2.1215% 	         865
Del Rate:        	  0.7299% 	        4 	  0.0172% 	           7
Ins Rate:        	  1.0949% 	        6 	  0.0147% 	           6
N Rate:          	  0.3650% 	        2 	  0.0049% 	           2

Total time:     	26248.701 seconds.
