java -ea -Xmx56210m -Xms56210m -cp /sciclone/home/rlgeorgeambroc/.conda/envs/bbmap-env/opt/bbmap-39.37-0/current/ align2.BBMap build=1 overwrite=true fastareadlen=500 ref=./data/dog_reference/ncbi_dataset/data/GCF_011100685.1/GCF_011100685.1_UU_Cfam_GSD_1.0_genomic.fna path=./data/dog_reference/index in1=./data/clean/SRR094427_1.fastq in2=./data/clean/SRR094427_2.fastq out=./output/SRR094427_mapped_to_dog.sam minid=0.95 sam=1 noheader=f overwrite=t
Executing align2.BBMap [build=1, overwrite=true, fastareadlen=500, ref=./data/dog_reference/ncbi_dataset/data/GCF_011100685.1/GCF_011100685.1_UU_Cfam_GSD_1.0_genomic.fna, path=./data/dog_reference/index, in1=./data/clean/SRR094427_1.fastq, in2=./data/clean/SRR094427_2.fastq, out=./output/SRR094427_mapped_to_dog.sam, minid=0.95, sam=1, noheader=f, overwrite=t]
Version 39.37

Retaining first best site only for ambiguous mappings.
Set MINIMUM_ALIGNMENT_SCORE_RATIO to 0.908
NOTE:	Ignoring reference file because it already appears to have been processed.
NOTE:	If you wish to regenerate the index, please manually delete ./data/dog_reference/index/ref/genome/1/summary.txt
Set genome to 1

Loaded Reference:	3.759 seconds.
Loading index for chunk 1-5, build 1
Generated Index:	5.912 seconds.
Analyzed Index:   	8.590 seconds.
Started output stream:	0.228 seconds.
Cleared Memory:    	0.142 seconds.
Processing reads in paired-ended mode.
Started read stream.
Started 20 mapping threads.
Detecting finished threads: 0, 1, 2, 3, 4, 5, 6, 7, 8, 9, 10, 11, 12, 13, 14, 15, 16, 17, 18, 19

   ------------------   Results   ------------------   

Genome:                	1
Key Length:            	13
Max Indel:             	16000
Minimum Score Ratio:  	0.9081
Mapping Mode:         	normal
Reads Used:           	104712312	(3769601938 bases)

Mapping:          	6093.261 seconds.
Reads/sec:       	17184.94
kBases/sec:      	618.65


Pairing data:   	pct pairs	num pairs 	pct bases	   num bases

mated pairs:     	  0.0001% 	       53 	  0.0001% 	        3780
bad pairs:       	  0.0000% 	       12 	  0.0000% 	         858
insert size avg: 	  7521.77


Read 1 data:      	pct reads	num reads 	pct bases	   num bases

mapped:          	  0.0021% 	     1087 	  0.0021% 	       39100
unambiguous:     	  0.0007% 	      377 	  0.0007% 	       13546
ambiguous:       	  0.0014% 	      710 	  0.0014% 	       25554
low-Q discards:  	  0.0000% 	        0 	  0.0000% 	           0

perfect best site:	  0.0009% 	      464 	  0.0009% 	       16691
semiperfect site:	  0.0009% 	      464 	  0.0009% 	       16691
rescued:         	  0.0000% 	        9

Match Rate:      	      NA 	       NA 	 98.3274% 	       38446
Error Rate:      	 57.3137% 	      623 	  1.6701% 	         653
Sub Rate:        	 57.3137% 	      623 	  1.6701% 	         653
Del Rate:        	  0.0000% 	        0 	  0.0000% 	           0
Ins Rate:        	  0.0000% 	        0 	  0.0000% 	           0
N Rate:          	  0.0920% 	        1 	  0.0026% 	           1


Read 2 data:      	pct reads	num reads 	pct bases	   num bases

mapped:          	  0.0023% 	     1204 	  0.0023% 	       43321
unambiguous:     	  0.0008% 	      406 	  0.0008% 	       14597
ambiguous:       	  0.0015% 	      798 	  0.0015% 	       28724
low-Q discards:  	  0.0001% 	       32 	  0.0001% 	        1152

perfect best site:	  0.0009% 	      479 	  0.0009% 	       17240
semiperfect site:	  0.0009% 	      480 	  0.0009% 	       17276
rescued:         	  0.0000% 	        7

Match Rate:      	      NA 	       NA 	 98.2503% 	       42563
Error Rate:      	 60.1329% 	      724 	  1.7428% 	         755
Sub Rate:        	 60.1329% 	      724 	  1.7428% 	         755
Del Rate:        	  0.0000% 	        0 	  0.0000% 	           0
Ins Rate:        	  0.0000% 	        0 	  0.0000% 	           0
N Rate:          	  0.0831% 	        1 	  0.0069% 	           3

Total time:     	6112.465 seconds.
