java -ea -Xmx56223m -Xms56223m -cp /sciclone/home/rlgeorgeambroc/.conda/envs/bbmap-env/opt/bbmap-39.37-0/current/ align2.BBMap build=1 overwrite=true fastareadlen=500 ref=./data/dog_reference/ncbi_dataset/data/GCF_011100685.1/GCF_011100685.1_UU_Cfam_GSD_1.0_genomic.fna path=./data/dog_reference/index in1=./data/clean/SRR094166_1.fastq in2=./data/clean/SRR094166_2.fastq out=./output/SRR094166_mapped_to_dog.sam minid=0.95 sam=1 noheader=f overwrite=t
Executing align2.BBMap [build=1, overwrite=true, fastareadlen=500, ref=./data/dog_reference/ncbi_dataset/data/GCF_011100685.1/GCF_011100685.1_UU_Cfam_GSD_1.0_genomic.fna, path=./data/dog_reference/index, in1=./data/clean/SRR094166_1.fastq, in2=./data/clean/SRR094166_2.fastq, out=./output/SRR094166_mapped_to_dog.sam, minid=0.95, sam=1, noheader=f, overwrite=t]
Version 39.37

Retaining first best site only for ambiguous mappings.
Set MINIMUM_ALIGNMENT_SCORE_RATIO to 0.908
NOTE:	Ignoring reference file because it already appears to have been processed.
NOTE:	If you wish to regenerate the index, please manually delete ./data/dog_reference/index/ref/genome/1/summary.txt
Set genome to 1

Loaded Reference:	7.076 seconds.
Loading index for chunk 1-5, build 1
Generated Index:	94.728 seconds.
Analyzed Index:   	9.958 seconds.
Started output stream:	0.360 seconds.
Cleared Memory:    	0.197 seconds.
Processing reads in paired-ended mode.
Started read stream.
Started 20 mapping threads.
Detecting finished threads: 0, 1, 2, 3, 4, 5, 6, 7, 8, 9, 10, 11, 12, 13, 14, 15, 16, 17, 18, 19

   ------------------   Results   ------------------   

Genome:                	1
Key Length:            	13
Max Indel:             	16000
Minimum Score Ratio:  	0.9081
Mapping Mode:         	normal
Reads Used:           	17722506	(2203923694 bases)

Mapping:          	657.501 seconds.
Reads/sec:       	26954.34
kBases/sec:      	3351.97


Pairing data:   	pct pairs	num pairs 	pct bases	   num bases

mated pairs:     	  0.0001% 	       12 	  0.0001% 	        2626
bad pairs:       	  0.0001% 	        8 	  0.0001% 	        2000
insert size avg: 	  746.42


Read 1 data:      	pct reads	num reads 	pct bases	   num bases

mapped:          	  0.0011% 	       95 	  0.0011% 	       11573
unambiguous:     	  0.0005% 	       47 	  0.0005% 	        5760
ambiguous:       	  0.0005% 	       48 	  0.0005% 	        5813
low-Q discards:  	  0.0000% 	        0 	  0.0000% 	           0

perfect best site:	  0.0000% 	        4 	  0.0000% 	         476
semiperfect site:	  0.0000% 	        4 	  0.0000% 	         476
rescued:         	  0.0001% 	        5

Match Rate:      	      NA 	       NA 	 97.4855% 	       11282
Error Rate:      	 95.7895% 	       91 	  2.4886% 	         288
Sub Rate:        	 95.7895% 	       91 	  2.4799% 	         287
Del Rate:        	  0.0000% 	        0 	  0.0000% 	           0
Ins Rate:        	  1.0526% 	        1 	  0.0086% 	           1
N Rate:          	  3.1579% 	        3 	  0.0259% 	           3


Read 2 data:      	pct reads	num reads 	pct bases	   num bases

mapped:          	  0.0012% 	      106 	  0.0012% 	       12922
unambiguous:     	  0.0006% 	       56 	  0.0006% 	        6883
ambiguous:       	  0.0006% 	       50 	  0.0005% 	        6039
low-Q discards:  	  0.0000% 	        2 	  0.0000% 	          74

perfect best site:	  0.0000% 	        4 	  0.0000% 	         476
semiperfect site:	  0.0000% 	        4 	  0.0000% 	         476
rescued:         	  0.0000% 	        3

Match Rate:      	      NA 	       NA 	 97.4428% 	       12613
Error Rate:      	 96.2264% 	      102 	  2.5185% 	         326
Sub Rate:        	 95.2830% 	      101 	  2.3254% 	         301
Del Rate:        	  0.9434% 	        1 	  0.1700% 	          22
Ins Rate:        	  2.8302% 	        3 	  0.0232% 	           3
N Rate:          	  4.7170% 	        5 	  0.0386% 	           5

Total time:     	770.011 seconds.
